============================================================
  Generated by:           Genus(TM) Synthesis Solution 16.12-s027_1
  Generated on:           May 14 2024  12:51:47 pm
  Module:                 pulpino_top
  Technology libraries:   CLOCK65LPLVT 
                          CORE65LPLVT 
                          SPHDL100909 
                          PAD 
  Operating conditions:   typical (balanced_tree)
  Wireload mode:          enclosed
  Area mode:              timing library
============================================================

                              Instance                                                    Module                        Cells  Cell Area  Net Area   Total Area     Wireload        
------------------------------------------------------------------------------------------------------------------------------------------------------------------------------------
pulpino_top                                                                                                             36465     767813         0       767813 area_390Kto780K (S) 
  core_region_i                                                     core_region_AXI_ADDR_WIDTH32_AXI_DATA_WIDTH32_AXI_  23369     685728         0       685728 area_390Kto780K (S) 
    instr_mem                                                       instr_ram_wrap_RAM_SIZE32768_DATA_WIDTH32            2090     287412         0       287412 area_234Kto312K (S) 
      sp_ram_wrap_i                                                 sp_ram_wrap_RAM_SIZE32768_DATA_WIDTH32                 72     281346         0       281346 area_234Kto312K (S) 
        sp_ram_i                                                    sp_ram_ADDR_WIDTH15_DATA_WIDTH32_NUM_WORDS32768        72     281346         0       281346 area_234Kto312K (S) 
      boot_rom_wrap_i                                               boot_rom_wrap_DATA_WIDTH32                           1979       5911         0         5911     area_5Kto6K (S) 
        boot_code_i                                                 boot_code                                            1978       5910         0         5910     area_5Kto6K (S) 
    data_mem                                                        sp_ram_wrap_RAM_SIZE32768_DATA_WIDTH32_3482            72     281346         0       281346 area_234Kto312K (S) 
      sp_ram_i                                                      sp_ram_ADDR_WIDTH15_DATA_WIDTH32_NUM_WORDS32768_34     72     281346         0       281346 area_234Kto312K (S) 
    CORE.RISCV_CORE                                                 riscv_core_N_EXT_PERF_COUNTERS0_FPU0_SHARED_FP0_SH  16518      84869         0        84869  area_78Kto156K (S) 
      id_stage_i                                                    riscv_id_stage_N_HWLP2_PULP_SECURE0_FPU0_APU0_SHAR   6824      39385         0        39385   area_36Kto42K (S) 
        registers_i                                                 riscv_register_file_ADDR_WIDTH6_FPU0                 4073      24276         0        24276   area_24Kto30K (S) 
        hwloop_regs_i                                               riscv_hwloop_regs_N_REGS2                             442       3060         0         3060     area_3Kto4K (S) 
          dec_sub_103_50_I2_58                                      decrement_unsigned_6473_15181                          76        185         0          185     area_0Kto1K (S) 
          dec_sub_103_50_I1_57                                      decrement_unsigned_6473                                76        185         0          185     area_0Kto1K (S) 
        decoder_i                                                   riscv_decoder_FPU0_PULP_SECURE0_SHARED_FP0_SHARED_    414       1123         0         1123     area_1Kto2K (S) 
        controller_i                                                riscv_controller_FPU0                                 211        635         0          635     area_0Kto1K (S) 
        add_584_49                                                  add_unsigned_1331_3036                                 34        297         0          297     area_0Kto1K (S) 
        add_581_38                                                  add_unsigned_1331_3037                                 31        284         0          284     area_0Kto1K (S) 
        add_580_38                                                  add_unsigned_1331                                      31        284         0          284     area_0Kto1K (S) 
        add_536_37                                                  add_unsigned_1331_3035                                 31        206         0          206     area_0Kto1K (S) 
        dec_sub_468_53_59                                           decrement_unsigned_6473_2                              76        185         0          185     area_0Kto1K (S) 
        add_537_37                                                  add_unsigned_1331_3034                                 31        177         0          177     area_0Kto1K (S) 
        int_controller_i                                            riscv_int_controller_PULP_SECURE0                      13        100         0          100     area_0Kto1K (S) 
      ex_stage_i                                                    riscv_ex_stage_FPU0_SHARED_FP0_SHARED_DSP_MULT0_SH   6892      31007         0        31007   area_30Kto36K (S) 
        mult_i                                                      riscv_mult_SHARED_DSP_MULT0                          3619      18702         0        18702   area_18Kto24K (S) 
          csa_tree_add_283_102_groupi                               csa_tree_add_283_102_group_7666                       962       5309         0         5309     area_5Kto6K (S) 
          csa_tree_add_230_63_groupi                                csa_tree_add_230_63_group_7664                        816       4798         0         4798     area_4Kto5K (S) 
          csa_tree_add_270_87_groupi                                csa_tree_add_270_87_group_7662                        866       4002         0         4002     area_4Kto5K (S) 
          csa_tree_add_114_70_groupi                                csa_tree_add_114_70_group_7668                        506       2994         0         2994     area_2Kto3K (S) 
          sra_117_128                                               arith_shift_right_vlog_unsigned_3259                  172        578         0          578     area_0Kto1K (S) 
        alu_i                                                       riscv_alu_SHARED_INT_DIV0_FPU0                       3216      12009         0        12009   area_12Kto18K (S) 
          int_div.div_i                                             riscv_alu_div                                         747       3574         0         3574     area_3Kto4K (S) 
            sub_107_68                                              sub_unsigned_1525                                      94        389         0          389     area_0Kto1K (S) 
            add_107_46                                              add_unsigned_1331_3033                                 32        294         0          294     area_0Kto1K (S) 
            minus_100_38                                            sub_unsigned_1529                                      62        209         0          209     area_0Kto1K (S) 
            gt_103_58                                               gt_unsigned_1521                                       63        164         0          164     area_0Kto1K (S) 
          srl_283_46                                                shift_right_vlog_unsigned                             256        916         0          916     area_0Kto1K (S) 
          sll_882_39                                                shift_left_vlog_unsigned_2311                         153        517         0          517     area_0Kto1K (S) 
          add_168_54                                                add_signed                                             44        323         0          323     area_0Kto1K (S) 
          add_182_44                                                add_unsigned_1331_3032                                 32        290         0          290     area_0Kto1K (S) 
          alu_popcnt_i                                              alu_popcnt                                             31        269         0          269     area_0Kto1K (S) 
            csa_tree_add_1154_39_groupi                             csa_tree_add_1154_39_group_7770                        31        269         0          269     area_0Kto1K (S) 
          sra_270_105                                               arith_shift_right_vlog_unsigned                        74        230         0          230     area_0Kto1K (S) 
          sra_269_105                                               arith_shift_right_vlog_unsigned_3159                   74        230         0          230     area_0Kto1K (S) 
          alu_ff_i                                                  alu_ff                                                 56        159         0          159     area_0Kto1K (S) 
          csa_mux_a_mux_925_30                                      bmux_6470                                               6         17         0           17     area_0Kto1K (S) 
          csa_mux_b_mux_925_30                                      bmux_6470_1                                             1          2         0            2     area_0Kto1K (S) 
      if_stage_i                                                    riscv_if_stage_N_HWLP2_RDATA_WIDTH32_FPU0            1423       7793         0         7793     area_7Kto8K (S) 
        prefetch_32.prefetch_buffer_i                               riscv_prefetch_buffer                                 827       5172         0         5172     area_5Kto6K (S) 
          fifo_i                                                    riscv_fetch_fifo                                      624       4068         0         4068     area_4Kto5K (S) 
            add_182_49                                              add_unsigned                                           29        150         0          150     area_0Kto1K (S) 
          add_115_54                                                add_unsigned_3030                                      29        150         0          150     area_0Kto1K (S) 
        compressed_decoder_i                                        riscv_compressed_decoder_FPU0                         257        700         0          700     area_0Kto1K (S) 
        hwloop_controller_i                                         riscv_hwloop_controller_N_REGS2                       157        600         0          600     area_0Kto1K (S) 
      cs_registers_i                                                riscv_cs_registers_N_EXT_CNT0_APU0_FPU0_PULP_SECUR    606       2930         0         2930     area_2Kto3K (S) 
        inc_ADD_UNS_OP_56                                           increment_unsigned_6472                                32        165         0          165     area_0Kto1K (S) 
      load_store_unit_i                                             riscv_load_store_unit                                 455       2030         0         2030     area_2Kto3K (S) 
        final_adder_mux_463_27                                      add_unsigned_6480                                      32        294         0          294     area_0Kto1K (S) 
      debug_unit_i                                                  riscv_debug_unit                                      252       1470         0         1470     area_1Kto2K (S) 
      core_clock_gate_i                                             cluster_clock_gating                                    3         12         0           12     area_0Kto1K (S) 
    instr_mem_axi_if                                                axi_mem_if_SP_wrap_AXI_ADDR_WIDTH32_AXI_DATA_WIDTH   1223       9093         0         9093    area_9Kto12K (S) 
      axi_mem_if_SP_i                                               axi_mem_if_SP_AXI4_ADDRESS_WIDTH32_AXI4_RDATA_WIDT   1221       9090         0         9090    area_9Kto12K (S) 
        Slave_w_buffer_LP                                           axi_w_buffer_DATA_WIDTH32_USER_WIDTH1_BUFFER_DEPTH    252       2347         0         2347     area_2Kto3K (S) 
          buffer_i                                                  generic_fifo_DATA_WIDTH38_DATA_DEPTH4                 252       2347         0         2347     area_2Kto3K (S) 
            cg_cell                                                 cluster_clock_gating_3259                               3         12         0           12     area_0Kto1K (S) 
        Slave_r_buffer_LP                                           axi_r_buffer_ID_WIDTH4_DATA_WIDTH32_USER_WIDTH1_BU    242       2241         0         2241     area_2Kto3K (S) 
          buffer_i                                                  generic_fifo_DATA_WIDTH40_DATA_DEPTH4                 242       2241         0         2241     area_2Kto3K (S) 
            cg_cell                                                 cluster_clock_gating_3258                               3         12         0           12     area_0Kto1K (S) 
        READ_CTRL                                                   axi_read_only_ctrl_AXI4_ADDRESS_WIDTH32_AXI4_RDATA    245       1305         0         1305     area_1Kto2K (S) 
        Slave_aw_buffer_LP                                          axi_aw_buffer_ID_WIDTH4_ADDR_WIDTH32_USER_WIDTH1_B    131       1112         0         1112     area_1Kto2K (S) 
          buffer_i                                                  generic_fifo_DATA_WIDTH66_DATA_DEPTH4                 131       1112         0         1112     area_1Kto2K (S) 
            cg_cell                                                 cluster_clock_gating_3261                               3         12         0           12     area_0Kto1K (S) 
        Slave_ar_buffer_LP                                          axi_ar_buffer_ID_WIDTH4_ADDR_WIDTH32_USER_WIDTH1_B    131       1112         0         1112     area_1Kto2K (S) 
          buffer_i                                                  generic_fifo_DATA_WIDTH66_DATA_DEPTH4_3349            131       1112         0         1112     area_1Kto2K (S) 
            cg_cell                                                 cluster_clock_gating_3260                               3         12         0           12     area_0Kto1K (S) 
        WRITE_CTRL                                                  axi_write_only_ctrl_AXI4_ADDRESS_WIDTH32_AXI4_RDAT    107        499         0          499     area_0Kto1K (S) 
        Slave_b_buffer_LP                                           axi_b_buffer_ID_WIDTH4_USER_WIDTH1_BUFFER_DEPTH4       55        294         0          294     area_0Kto1K (S) 
          buffer_i                                                  generic_fifo_DATA_WIDTH7_DATA_DEPTH4                   55        294         0          294     area_0Kto1K (S) 
            cg_cell                                                 cluster_clock_gating_3257                               3         12         0           12     area_0Kto1K (S) 
    data_mem_axi_if                                                 axi_mem_if_SP_wrap_AXI_ADDR_WIDTH32_AXI_DATA_WIDTH   1200       8919         0         8919     area_8Kto9K (S) 
      axi_mem_if_SP_i                                               axi_mem_if_SP_AXI4_ADDRESS_WIDTH32_AXI4_RDATA_WIDT   1198       8915         0         8915     area_8Kto9K (S) 
        Slave_w_buffer_LP                                           axi_w_buffer_DATA_WIDTH32_USER_WIDTH1_BUFFER_DEPTH    252       2348         0         2348     area_2Kto3K (S) 
          buffer_i                                                  generic_fifo_DATA_WIDTH38_DATA_DEPTH4_3339            252       2348         0         2348     area_2Kto3K (S) 
            cg_cell                                                 cluster_clock_gating_3254                               3         12         0           12     area_0Kto1K (S) 
        Slave_r_buffer_LP                                           axi_r_buffer_ID_WIDTH4_DATA_WIDTH32_USER_WIDTH1_BU    242       2241         0         2241     area_2Kto3K (S) 
          buffer_i                                                  generic_fifo_DATA_WIDTH40_DATA_DEPTH4_3342            242       2241         0         2241     area_2Kto3K (S) 
            cg_cell                                                 cluster_clock_gating_3253                               3         12         0           12     area_0Kto1K (S) 
        READ_CTRL                                                   axi_read_only_ctrl_AXI4_ADDRESS_WIDTH32_AXI4_RDATA    237       1271         0         1271     area_1Kto2K (S) 
        Slave_aw_buffer_LP                                          axi_aw_buffer_ID_WIDTH4_ADDR_WIDTH32_USER_WIDTH1_B    126       1054         0         1054     area_1Kto2K (S) 
          buffer_i                                                  generic_fifo_DATA_WIDTH66_DATA_DEPTH4_3348            126       1054         0         1054     area_1Kto2K (S) 
            cg_cell                                                 cluster_clock_gating_3256                               3         12         0           12     area_0Kto1K (S) 
        Slave_ar_buffer_LP                                          axi_ar_buffer_ID_WIDTH4_ADDR_WIDTH32_USER_WIDTH1_B    126       1054         0         1054     area_1Kto2K (S) 
          buffer_i                                                  generic_fifo_DATA_WIDTH66_DATA_DEPTH4_3347            126       1054         0         1054     area_1Kto2K (S) 
            cg_cell                                                 cluster_clock_gating_3255                               3         12         0           12     area_0Kto1K (S) 
        WRITE_CTRL                                                  axi_write_only_ctrl_AXI4_ADDRESS_WIDTH32_AXI4_RDAT    103        475         0          475     area_0Kto1K (S) 
        Slave_b_buffer_LP                                           axi_b_buffer_ID_WIDTH4_USER_WIDTH1_BUFFER_DEPTH4_3     55        294         0          294     area_0Kto1K (S) 
          buffer_i                                                  generic_fifo_DATA_WIDTH7_DATA_DEPTH4_3350              55        294         0          294     area_0Kto1K (S) 
            cg_cell                                                 cluster_clock_gating_3252                               3         12         0           12     area_0Kto1K (S) 
    adv_dbg_if_i                                                    adv_dbg_if_NB_CORES1_AXI_ADDR_WIDTH32_AXI_DATA_WID   1453       8703         0         8703     area_8Kto9K (S) 
      dbg_module_i                                                  adbg_top_NB_CORES1_AXI_ADDR_WIDTH32_AXI_DATA_WIDTH   1299       7864         0         7864     area_7Kto8K (S) 
        i_dbg_axi                                                   adbg_axi_module_AXI_ADDR_WIDTH32_AXI_DATA_WIDTH32_    850       5286         0         5286     area_5Kto6K (S) 
          axi_biu_i                                                 adbg_axi_biu_AXI_ADDR_WIDTH32_AXI_DATA_WIDTH32_AXI    261       1856         0         1856     area_1Kto2K (S) 
          axi_crc_i                                                 adbg_crc32                                             98        566         0          566     area_0Kto1K (S) 
          add_383_50                                                add_unsigned_2772                                      32        178         0          178     area_0Kto1K (S) 
        i_dbg_cpu_or1k                                              adbg_or1k_module_NB_CORES1                            375       1775         0         1775     area_1Kto2K (S) 
          or1k_crc_i                                                adbg_crc32_3025                                        98        566         0          566     area_0Kto1K (S) 
          or1k_biu_i                                                adbg_or1k_biu_NB_CORES1                                21        139         0          139     area_0Kto1K (S) 
          or1k_statusreg_i                                          adbg_or1k_status_reg_NB_CORES1                          1         12         0           12     area_0Kto1K (S) 
      cluster_tap_i                                                 adbg_tap_top                                          154        839         0          839     area_0Kto1K (S) 
        u_clk_mux                                                   cluster_clock_mux2                                      1          4         0            4     area_0Kto1K (S) 
    axi_slice_core2axi                                              axi_slice_wrap_AXI_ADDR_WIDTH32_AXI_DATA_WIDTH32_A    560       4470         0         4470     area_4Kto5K (S) 
      WITH_SLICE.axi_slice_i                                        axi_slice_AXI_ADDR_WIDTH32_AXI_DATA_WIDTH32_AXI_US    560       4470         0         4470     area_4Kto5K (S) 
        w_buffer_i                                                  axi_w_buffer_DATA_WIDTH32_USER_WIDTH1_BUFFER_DEPTH    148       1205         0         1205     area_1Kto2K (S) 
          buffer_i                                                  generic_fifo_DATA_WIDTH38_DATA_DEPTH2                 148       1205         0         1205     area_1Kto2K (S) 
            cg_cell                                                 cluster_clock_gating_3263                               3         12         0           12     area_0Kto1K (S) 
        r_buffer_i                                                  axi_r_buffer_ID_WIDTH2_DATA_WIDTH32_USER_WIDTH1_BU    131       1059         0         1059     area_1Kto2K (S) 
          buffer_i                                                  generic_fifo_DATA_WIDTH38_DATA_DEPTH2_2_3338          131       1059         0         1059     area_1Kto2K (S) 
            cg_cell                                                 cluster_clock_gating_3262                               3         12         0           12     area_0Kto1K (S) 
        aw_buffer_i                                                 axi_aw_buffer_ID_WIDTH2_ADDR_WIDTH32_USER_WIDTH1_B    129       1055         0         1055     area_1Kto2K (S) 
          buffer_i                                                  generic_fifo_DATA_WIDTH64_DATA_DEPTH2                 129       1055         0         1055     area_1Kto2K (S) 
            cg_cell                                                 cluster_clock_gating_3265                               3         12         0           12     area_0Kto1K (S) 
        ar_buffer_i                                                 axi_ar_buffer_ID_WIDTH2_ADDR_WIDTH32_USER_WIDTH1_B    129       1055         0         1055     area_1Kto2K (S) 
          buffer_i                                                  generic_fifo_DATA_WIDTH64_DATA_DEPTH2_3345            129       1055         0         1055     area_1Kto2K (S) 
            cg_cell                                                 cluster_clock_gating_3264                               3         12         0           12     area_0Kto1K (S) 
        b_buffer_i                                                  axi_b_buffer_ID_WIDTH2_USER_WIDTH1_BUFFER_DEPTH2       23         96         0           96     area_0Kto1K (S) 
          buffer_i                                                  generic_fifo_DATA_WIDTH5_DATA_DEPTH2                   23         96         0           96     area_0Kto1K (S) 
    data_ram_mux_i                                                  ram_mux_ADDR_WIDTH15_OUT_WIDTH32_IN0_WIDTH32_IN1_W     57        249         0          249     area_0Kto1K (S) 
    instr_ram_mux_i                                                 ram_mux_ADDR_WIDTH16_OUT_WIDTH32_IN0_WIDTH32_IN1_W     59        199         0          199     area_0Kto1K (S) 
    core2axi_i                                                      core2axi_wrap_AXI_ADDR_WIDTH32_AXI_DATA_WIDTH32_AX     32        123         0          123     area_0Kto1K (S) 
      core2axi_i                                                    core2axi_AXI4_ADDRESS_WIDTH32_AXI4_RDATA_WIDTH32_A     32        123         0          123     area_0Kto1K (S) 
  peripherals_i                                                     peripherals_AXI_ADDR_WIDTH32_AXI_DATA_WIDTH32_AXI_  10327      70903         0        70903   area_66Kto72K (S) 
    apb_uart_i                                                      apb_uart                                             3198      24017         0        24017   area_24Kto30K (S) 
      UART_RXFF                                                     slib_fifo_WIDTH11_SIZE_E6                            1370      11498         0        11498    area_9Kto12K (S) 
      UART_TXFF                                                     slib_fifo_WIDTH8_SIZE_E6                             1078       8586         0         8586     area_8Kto9K (S) 
      UART_RX                                                       uart_receiver                                         164        731         0          731     area_0Kto1K (S) 
        RX_MVF                                                      slib_mv_filter_WIDTH4_THRESHOLD10                      21        102         0          102     area_0Kto1K (S) 
        RX_IFSB                                                     slib_input_filter_SIZE4                                19         88         0           88     area_0Kto1K (S) 
        RX_BRC                                                      slib_counter_WIDTH4                                    15         87         0           87     area_0Kto1K (S) 
      UART_BG16                                                     uart_baudgen                                           70        381         0          381     area_0Kto1K (S) 
      UART_TX                                                       uart_transmitter                                       73        280         0          280     area_0Kto1K (S) 
      UART_IIC                                                      uart_interrupt                                         16         77         0           77     area_0Kto1K (S) 
      UART_BG2                                                      slib_clock_div_RATIO8                                   9         62         0           62     area_0Kto1K (S) 
      UART_IF_RI                                                    slib_input_filter_SIZE2_3475                           13         60         0           60     area_0Kto1K (S) 
      UART_IF_DSR                                                   slib_input_filter_SIZE2_3477                           13         60         0           60     area_0Kto1K (S) 
      UART_IF_DCD                                                   slib_input_filter_SIZE2_3476                           13         60         0           60     area_0Kto1K (S) 
      UART_IF_CTS                                                   slib_input_filter_SIZE2                                13         60         0           60     area_0Kto1K (S) 
      UART_IS_SIN                                                   slib_input_sync                                         3         22         0           22     area_0Kto1K (S) 
      UART_IS_RI                                                    slib_input_sync_4                                       3         22         0           22     area_0Kto1K (S) 
      UART_IS_DSR                                                   slib_input_sync_3478                                    3         22         0           22     area_0Kto1K (S) 
      UART_IS_DCD                                                   slib_input_sync_4_3480                                  3         22         0           22     area_0Kto1K (S) 
      UART_IS_CTS                                                   slib_input_sync_3479                                    3         22         0           22     area_0Kto1K (S) 
      UART_ED_DSR                                                   slib_edge_detect_3470                                   4         17         0           17     area_0Kto1K (S) 
      UART_ED_DCD                                                   slib_edge_detect_3468                                   4         17         0           17     area_0Kto1K (S) 
      UART_ED_CTS                                                   slib_edge_detect_3471                                   4         17         0           17     area_0Kto1K (S) 
      UART_RCLK                                                     slib_edge_detect_3467                                   3         15         0           15     area_0Kto1K (S) 
      UART_PEDET                                                    slib_edge_detect_3474                                   3         15         0           15     area_0Kto1K (S) 
      UART_IIC_THRE_ED                                              slib_edge_detect                                        3         15         0           15     area_0Kto1K (S) 
      UART_FEDET                                                    slib_edge_detect_3473                                   3         15         0           15     area_0Kto1K (S) 
      UART_BIDET                                                    slib_edge_detect_3472                                   3         15         0           15     area_0Kto1K (S) 
      UART_ED_RI                                                    slib_edge_detect_3469                                   3         14         0           14     area_0Kto1K (S) 
    axi_spi_slave_i                                                 axi_spi_slave_wrap_AXI_ADDRESS_WIDTH32_AXI_DATA_WI   2062      14831         0        14831   area_12Kto18K (S) 
      axi_spi_slave_i                                               axi_spi_slave_AXI_ADDR_WIDTH32_AXI_DATA_WIDTH32_AX   2062      14831         0        14831   area_12Kto18K (S) 
        u_dcfifo_tx                                                 spi_slave_dc_fifo_DATA_WIDTH32_BUFFER_DEPTH8_3483     594       4527         0         4527     area_4Kto5K (S) 
          u_din                                                     dc_token_ring_fifo_din_DATA_WIDTH32_BUFFER_DEPTH8_    546       4196         0         4196     area_4Kto5K (S) 
            buffer                                                  dc_data_buffer_DATA_WIDTH32_BUFFER_DEPTH8_3266        510       3988         0         3988     area_3Kto4K (S) 
            write_tr                                                dc_token_ring_BUFFER_DEPTH8_RESET_VALUE32h0000000c      8        101         0          101     area_0Kto1K (S) 
            full                                                    dc_full_detector_BUFFER_DEPTH8_3267                    18         82         0           82     area_0Kto1K (S) 
              full_synch                                            dc_synchronizer_WIDTH1_RESET_VALUE1h0_3268              2         21         0           21     area_0Kto1K (S) 
          u_dout                                                    dc_token_ring_fifo_dout_DATA_WIDTH32_BUFFER_DEPTH8     48        331         0          331     area_0Kto1K (S) 
            empty_synch                                             dc_synchronizer_WIDTH8_RESET_VALUE32h0000000c_3269     16        168         0          168     area_0Kto1K (S) 
            read_tr                                                 dc_token_ring_BUFFER_DEPTH8_RESET_VALUE32h00000003      8        101         0          101     area_0Kto1K (S) 
        u_dcfifo_rx                                                 spi_slave_dc_fifo_DATA_WIDTH32_BUFFER_DEPTH8          591       4521         0         4521     area_4Kto5K (S) 
          u_din                                                     dc_token_ring_fifo_din_DATA_WIDTH32_BUFFER_DEPTH8     545       4194         0         4194     area_4Kto5K (S) 
            buffer                                                  dc_data_buffer_DATA_WIDTH32_BUFFER_DEPTH8             510       3988         0         3988     area_3Kto4K (S) 
            write_tr                                                dc_token_ring_BUFFER_DEPTH8_RESET_VALUE32h0000000c      8        101         0          101     area_0Kto1K (S) 
            full                                                    dc_full_detector_BUFFER_DEPTH8                         18         82         0           82     area_0Kto1K (S) 
              full_synch                                            dc_synchronizer_WIDTH1_RESET_VALUE1h0                   2         21         0           21     area_0Kto1K (S) 
          u_dout                                                    dc_token_ring_fifo_dout_DATA_WIDTH32_BUFFER_DEPTH8     46        327         0          327     area_0Kto1K (S) 
            empty_synch                                             dc_synchronizer_WIDTH8_RESET_VALUE32h0000000c          16        168         0          168     area_0Kto1K (S) 
            read_tr                                                 dc_token_ring_BUFFER_DEPTH8_RESET_VALUE32h00000003      8        101         0          101     area_0Kto1K (S) 
        u_axiplug                                                   spi_slave_axi_plug_AXI_ADDR_WIDTH32_AXI_DATA_WIDTH    319       2132         0         2132     area_2Kto3K (S) 
          add_154_29                                                add_unsigned_3029                                      29        150         0          150     area_0Kto1K (S) 
        u_slave_sm                                                  spi_slave_controller_DUMMY_CYCLES32                   284       1861         0         1861     area_1Kto2K (S) 
          u_spiregs                                                 spi_slave_regs_REG_SIZE8                               48        482         0          482     area_0Kto1K (S) 
          u_cmd_parser                                              spi_slave_cmd_parser                                   19         56         0           56     area_0Kto1K (S) 
        u_rxreg                                                     spi_slave_rx                                          137        873         0          873     area_0Kto1K (S) 
        u_txreg                                                     spi_slave_tx                                          127        837         0          837     area_0Kto1K (S) 
          clk_mux_i                                                 pulp_clock_mux2                                         1          4         0            4     area_0Kto1K (S) 
        u_syncro                                                    spi_slave_syncro_AXI_ADDR_WIDTH32                       9         77         0           77     area_0Kto1K (S) 
    apb_gpio_i                                                      apb_gpio                                             1040       8110         0         8110     area_8Kto9K (S) 
    apb_timer_i                                                     apb_timer                                            1074       6083         0         6083     area_6Kto7K (S) 
      TIMER_GEN[1].timer_i                                          timer_3546                                            518       2969         0         2969     area_2Kto3K (S) 
        inc_ADD_UNS_OP_81                                           increment_unsigned_6472_5                              32        165         0          165     area_0Kto1K (S) 
        gte_86_29                                                   geq_unsigned_3370                                      63        165         0          165     area_0Kto1K (S) 
        inc_add_80_53_80                                            increment_unsigned_6472_3                              31        160         0          160     area_0Kto1K (S) 
        inc_add_73_43_79                                            increment_unsigned_6472_1                              31        160         0          160     area_0Kto1K (S) 
      TIMER_GEN[0].timer_i                                          timer                                                 518       2969         0         2969     area_2Kto3K (S) 
        inc_ADD_UNS_OP_81                                           increment_unsigned_6472_6                              32        165         0          165     area_0Kto1K (S) 
        gte_86_29                                                   geq_unsigned_3371                                      63        165         0          165     area_0Kto1K (S) 
        inc_add_80_53_80                                            increment_unsigned_6472_4                              31        160         0          160     area_0Kto1K (S) 
        inc_add_73_43_79                                            increment_unsigned_6472_2                              31        160         0          160     area_0Kto1K (S) 
    apb_event_unit_i                                                apb_event_unit                                        894       5734         0         5734     area_5Kto6K (S) 
      i_interrupt_unit                                              generic_service_unit_APB_ADDR_WIDTH12                 364       2415         0         2415     area_2Kto3K (S) 
      i_event_unit                                                  generic_service_unit_APB_ADDR_WIDTH12_3351            364       2415         0         2415     area_2Kto3K (S) 
      i_sleep_unit                                                  sleep_unit_APB_ADDR_WIDTH12                            93        579         0          579     area_0Kto1K (S) 
    axi2apb_i                                                       axi2apb_wrap_AXI_ADDR_WIDTH32_AXI_DATA_WIDTH32_AXI    683       5259         0         5259     area_5Kto6K (S) 
      genblk1.axi2apb_i                                             axi2apb32_AXI4_ADDRESS_WIDTH32_AXI4_RDATA_WIDTH32_    683       5259         0         5259     area_5Kto6K (S) 
        Slave_r_buffer                                              axi_r_buffer_ID_WIDTH4_DATA_WIDTH32_USER_WIDTH1_BU    141       1147         0         1147     area_1Kto2K (S) 
          buffer_i                                                  generic_fifo_DATA_WIDTH40_DATA_DEPTH2                 141       1147         0         1147     area_1Kto2K (S) 
            cg_cell                                                 cluster_clock_gating_3249                               3         12         0           12     area_0Kto1K (S) 
        Slave_aw_buffer                                             axi_aw_buffer_ID_WIDTH4_ADDR_WIDTH32_USER_WIDTH1_B    137       1117         0         1117     area_1Kto2K (S) 
          buffer_i                                                  generic_fifo_DATA_WIDTH66_DATA_DEPTH2                 137       1117         0         1117     area_1Kto2K (S) 
            cg_cell                                                 cluster_clock_gating_3251                               3         12         0           12     area_0Kto1K (S) 
        Slave_ar_buffer                                             axi_ar_buffer_ID_WIDTH4_ADDR_WIDTH32_USER_WIDTH1_B    137       1117         0         1117     area_1Kto2K (S) 
          buffer_i                                                  generic_fifo_DATA_WIDTH66_DATA_DEPTH2_3346            137       1117         0         1117     area_1Kto2K (S) 
            cg_cell                                                 cluster_clock_gating_3250                               3         12         0           12     area_0Kto1K (S) 
        Slave_w_buffer                                              axi_w_buffer_DATA_WIDTH32_USER_WIDTH1_BUFFER_DEPTH    131       1059         0         1059     area_1Kto2K (S) 
          buffer_i                                                  generic_fifo_DATA_WIDTH38_DATA_DEPTH2_2               131       1059         0         1059     area_1Kto2K (S) 
            cg_cell                                                 cluster_clock_gating_3247                               3         12         0           12     area_0Kto1K (S) 
        Slave_b_buffer                                              axi_b_buffer_ID_WIDTH4_USER_WIDTH1_BUFFER_DEPTH2       33        172         0          172     area_0Kto1K (S) 
          buffer_i                                                  generic_fifo_DATA_WIDTH7_DATA_DEPTH2                   33        172         0          172     area_0Kto1K (S) 
            cg_cell                                                 cluster_clock_gating_3248                               3         12         0           12     area_0Kto1K (S) 
    apb_pulpino_i                                                   apb_pulpino_BOOT_ADDR32h00008000                      520       4467         0         4467     area_4Kto5K (S) 
    periph_bus_i                                                    periph_bus_wrap_APB_ADDR_WIDTH32_APB_DATA_WIDTH32_    828       2299         0         2299     area_2Kto3K (S) 
      apb_node_wrap_i                                               apb_node_wrap_NB_MASTER9_APB_DATA_WIDTH32_APB_ADDR    828       2299         0         2299     area_2Kto3K (S) 
        apb_node_i                                                  apb_node_NB_MASTER9_APB_DATA_WIDTH32_APB_ADDR_WIDT    828       2299         0         2299     area_2Kto3K (S) 
          lte_63_74_I9                                              leq_unsigned_6641_3425                                 63        164         0          164     area_0Kto1K (S) 
          lte_63_74_I8                                              leq_unsigned_6641_3426                                 63        164         0          164     area_0Kto1K (S) 
          lte_63_74_I7                                              leq_unsigned_6641_3427                                 63        164         0          164     area_0Kto1K (S) 
          gte_63_42_I9                                              geq_unsigned_3372                                      63        164         0          164     area_0Kto1K (S) 
          gte_63_42_I8                                              geq_unsigned_3373                                      63        164         0          164     area_0Kto1K (S) 
          gte_63_42_I7                                              geq_unsigned_3374                                      63        164         0          164     area_0Kto1K (S) 
    apb2per_debug_i                                                 apb2per_PER_ADDR_WIDTH15_APB_ADDR_WIDTH32              13         40         0           40     area_0Kto1K (S) 
    genblk1[4].core_clock_gate                                      cluster_clock_gating_3242                               3         12         0           12     area_0Kto1K (S) 
    genblk1[3].core_clock_gate                                      cluster_clock_gating_3243                               3         12         0           12     area_0Kto1K (S) 
    genblk1[2].core_clock_gate                                      cluster_clock_gating_3244                               3         12         0           12     area_0Kto1K (S) 
    genblk1[1].core_clock_gate                                      cluster_clock_gating_3245                               3         12         0           12     area_0Kto1K (S) 
    genblk1[0].core_clock_gate                                      cluster_clock_gating_3246                               3         12         0           12     area_0Kto1K (S) 
  axi_interconnect_i                                                axi_node_intf_wrap_NB_MASTER3_NB_SLAVE3_AXI_ADDR_W   2769      11183         0        11183    area_9Kto12K (S) 
    axi_node_i                                                      axi_node_AXI_ADDRESS_W32_AXI_DATA_W32_AXI_USER_W1_   2769      11183         0        11183    area_9Kto12K (S) 
      _RESP_BLOCK_GEN[0].RESP_BLOCK                                 axi_response_block_AXI_ADDRESS_W32_AXI_DATA_W32_AX    558       2167         0         2167     area_2Kto3K (S) 
        BR_ALLOC                                                    axi_BR_allocator_AXI_USER_W1_N_INIT_PORT3_N_TARG_P    253        891         0          891     area_0Kto1K (S) 
          ARB_TREE.BR_ARB_TREE                                      axi_ArbitrationTree_AUX_WIDTH36_ID_WIDTH2_N_MASTER    127        440         0          440     area_0Kto1K (S) 
            BINARY_TREE.STAGE[0].INCR_VERT[0].LAST_NODE.FAN_IN_REQ  axi_FanInPrimitive_Req_AUX_WIDTH36_ID_WIDTH2           43        158         0          158     area_0Kto1K (S) 
            BINARY_TREE.STAGE[1].INCR_VERT[0].LEAF_NODES.FAN_IN_REQ axi_FanInPrimitive_Req_AUX_WIDTH36_ID_WIDTH2_3178      42        157         0          157     area_0Kto1K (S) 
            BINARY_TREE.STAGE[1].INCR_VERT[1].LEAF_NODES.FAN_IN_REQ axi_FanInPrimitive_Req_AUX_WIDTH36_ID_WIDTH2_8_318     36         92         0           92     area_0Kto1K (S) 
            RR_REQ                                                  axi_RR_Flag_Req_MAX_COUNT3_WIDTH2_3215                  6         33         0           33     area_0Kto1K (S) 
        DW_ADDR_DEC                                                 axi_address_decoder_DW_N_INIT_PORT3_FIFO_DEPTH8       134        674         0          674     area_0Kto1K (S) 
          MASTER_ID_FIFO                                            generic_fifo_DATA_WIDTH3_DATA_DEPTH8                  125        646         0          646     area_0Kto1K (S) 
            cg_cell                                                 cluster_clock_gating_3240                               3         12         0           12     area_0Kto1K (S) 
        BW_ALLOC                                                    axi_BW_allocator_AXI_USER_W1_N_INIT_PORT3_N_TARG_P    108        394         0          394     area_0Kto1K (S) 
          ARB_TREE.BW_ARB_TREE                                      axi_ArbitrationTree_AUX_WIDTH3_ID_WIDTH2_N_MASTER3     21         67         0           67     area_0Kto1K (S) 
            RR_REQ                                                  axi_RR_Flag_Req_MAX_COUNT3_WIDTH2_3216                  6         33         0           33     area_0Kto1K (S) 
            BINARY_TREE.STAGE[1].INCR_VERT[0].LEAF_NODES.FAN_IN_REQ axi_FanInPrimitive_Req_AUX_WIDTH3_ID_WIDTH2_3185        7         16         0           16     area_0Kto1K (S) 
            BINARY_TREE.STAGE[0].INCR_VERT[0].LAST_NODE.FAN_IN_REQ  axi_FanInPrimitive_Req_AUX_WIDTH3_ID_WIDTH2             7         16         0           16     area_0Kto1K (S) 
            BINARY_TREE.STAGE[1].INCR_VERT[1].LEAF_NODES.FAN_IN_REQ axi_FanInPrimitive_Req_AUX_WIDTH3_ID_WIDTH2_8_3190      1          3         0            3     area_0Kto1K (S) 
        AW_ADDR_DEC                                                 axi_address_decoder_AW_ADDR_WIDTH32_N_INIT_PORT3_N     36        123         0          123     area_0Kto1K (S) 
        AR_ADDR_DEC                                                 axi_address_decoder_AR_ADDR_WIDTH32_N_INIT_PORT3_N     27         84         0           84     area_0Kto1K (S) 
      _RESP_BLOCK_GEN[2].RESP_BLOCK                                 axi_response_block_AXI_ADDRESS_W32_AXI_DATA_W32_AX    557       2165         0         2165     area_2Kto3K (S) 
        BR_ALLOC                                                    axi_BR_allocator_AXI_USER_W1_N_INIT_PORT3_N_TARG_P    252        890         0          890     area_0Kto1K (S) 
          ARB_TREE.BR_ARB_TREE                                      axi_ArbitrationTree_AUX_WIDTH36_ID_WIDTH2_N_MASTER    126        439         0          439     area_0Kto1K (S) 
            BINARY_TREE.STAGE[1].INCR_VERT[0].LEAF_NODES.FAN_IN_REQ axi_FanInPrimitive_Req_AUX_WIDTH36_ID_WIDTH2_3179      42        157         0          157     area_0Kto1K (S) 
            BINARY_TREE.STAGE[0].INCR_VERT[0].LAST_NODE.FAN_IN_REQ  axi_FanInPrimitive_Req_AUX_WIDTH36_ID_WIDTH2_3181      41        156         0          156     area_0Kto1K (S) 
            BINARY_TREE.STAGE[1].INCR_VERT[1].LEAF_NODES.FAN_IN_REQ axi_FanInPrimitive_Req_AUX_WIDTH36_ID_WIDTH2_8         37         93         0           93     area_0Kto1K (S) 
            RR_REQ                                                  axi_RR_Flag_Req_MAX_COUNT3_WIDTH2_3207                  6         33         0           33     area_0Kto1K (S) 
        DW_ADDR_DEC                                                 axi_address_decoder_DW_N_INIT_PORT3_FIFO_DEPTH8_2     134        672         0          672     area_0Kto1K (S) 
          MASTER_ID_FIFO                                            generic_fifo_DATA_WIDTH3_DATA_DEPTH8_3340             125        646         0          646     area_0Kto1K (S) 
            cg_cell                                                 cluster_clock_gating_3236                               3         12         0           12     area_0Kto1K (S) 
        BW_ALLOC                                                    axi_BW_allocator_AXI_USER_W1_N_INIT_PORT3_N_TARG_P    108        394         0          394     area_0Kto1K (S) 
          ARB_TREE.BW_ARB_TREE                                      axi_ArbitrationTree_AUX_WIDTH3_ID_WIDTH2_N_MASTER3     21         67         0           67     area_0Kto1K (S) 
            RR_REQ                                                  axi_RR_Flag_Req_MAX_COUNT3_WIDTH2_3208                  6         33         0           33     area_0Kto1K (S) 
            BINARY_TREE.STAGE[1].INCR_VERT[0].LEAF_NODES.FAN_IN_REQ axi_FanInPrimitive_Req_AUX_WIDTH3_ID_WIDTH2_3186        7         16         0           16     area_0Kto1K (S) 
            BINARY_TREE.STAGE[0].INCR_VERT[0].LAST_NODE.FAN_IN_REQ  axi_FanInPrimitive_Req_AUX_WIDTH3_ID_WIDTH2_3188        7         16         0           16     area_0Kto1K (S) 
            BINARY_TREE.STAGE[1].INCR_VERT[1].LEAF_NODES.FAN_IN_REQ axi_FanInPrimitive_Req_AUX_WIDTH3_ID_WIDTH2_8           1          3         0            3     area_0Kto1K (S) 
        AW_ADDR_DEC                                                 axi_address_decoder_AW_ADDR_WIDTH32_N_INIT_PORT3_N     36        123         0          123     area_0Kto1K (S) 
        AR_ADDR_DEC                                                 axi_address_decoder_AR_ADDR_WIDTH32_N_INIT_PORT3_N     27         85         0           85     area_0Kto1K (S) 
      _RESP_BLOCK_GEN[1].RESP_BLOCK                                 axi_response_block_AXI_ADDRESS_W32_AXI_DATA_W32_AX    557       2164         0         2164     area_2Kto3K (S) 
        BR_ALLOC                                                    axi_BR_allocator_AXI_USER_W1_N_INIT_PORT3_N_TARG_P    252        890         0          890     area_0Kto1K (S) 
          ARB_TREE.BR_ARB_TREE                                      axi_ArbitrationTree_AUX_WIDTH36_ID_WIDTH2_N_MASTER    126        439         0          439     area_0Kto1K (S) 
            BINARY_TREE.STAGE[1].INCR_VERT[0].LEAF_NODES.FAN_IN_REQ axi_FanInPrimitive_Req_AUX_WIDTH36_ID_WIDTH2_3180      42        157         0          157     area_0Kto1K (S) 
            BINARY_TREE.STAGE[0].INCR_VERT[0].LAST_NODE.FAN_IN_REQ  axi_FanInPrimitive_Req_AUX_WIDTH36_ID_WIDTH2_3182      41        156         0          156     area_0Kto1K (S) 
            BINARY_TREE.STAGE[1].INCR_VERT[1].LEAF_NODES.FAN_IN_REQ axi_FanInPrimitive_Req_AUX_WIDTH36_ID_WIDTH2_8_318     37         93         0           93     area_0Kto1K (S) 
            RR_REQ                                                  axi_RR_Flag_Req_MAX_COUNT3_WIDTH2_3209                  6         33         0           33     area_0Kto1K (S) 
        DW_ADDR_DEC                                                 axi_address_decoder_DW_N_INIT_PORT3_FIFO_DEPTH8_2_    134        672         0          672     area_0Kto1K (S) 
          MASTER_ID_FIFO                                            generic_fifo_DATA_WIDTH3_DATA_DEPTH8_3341             125        646         0          646     area_0Kto1K (S) 
            cg_cell                                                 cluster_clock_gating_3237                               3         12         0           12     area_0Kto1K (S) 
        BW_ALLOC                                                    axi_BW_allocator_AXI_USER_W1_N_INIT_PORT3_N_TARG_P    108        394         0          394     area_0Kto1K (S) 
          ARB_TREE.BW_ARB_TREE                                      axi_ArbitrationTree_AUX_WIDTH3_ID_WIDTH2_N_MASTER3     21         67         0           67     area_0Kto1K (S) 
            RR_REQ                                                  axi_RR_Flag_Req_MAX_COUNT3_WIDTH2_3210                  6         33         0           33     area_0Kto1K (S) 
            BINARY_TREE.STAGE[1].INCR_VERT[0].LEAF_NODES.FAN_IN_REQ axi_FanInPrimitive_Req_AUX_WIDTH3_ID_WIDTH2_3187        7         16         0           16     area_0Kto1K (S) 
            BINARY_TREE.STAGE[0].INCR_VERT[0].LAST_NODE.FAN_IN_REQ  axi_FanInPrimitive_Req_AUX_WIDTH3_ID_WIDTH2_3189        7         16         0           16     area_0Kto1K (S) 
            BINARY_TREE.STAGE[1].INCR_VERT[1].LEAF_NODES.FAN_IN_REQ axi_FanInPrimitive_Req_AUX_WIDTH3_ID_WIDTH2_8_3191      1          3         0            3     area_0Kto1K (S) 
        AW_ADDR_DEC                                                 axi_address_decoder_AW_ADDR_WIDTH32_N_INIT_PORT3_N     36        123         0          123     area_0Kto1K (S) 
        AR_ADDR_DEC                                                 axi_address_decoder_AR_ADDR_WIDTH32_N_INIT_PORT3_N     27         84         0           84     area_0Kto1K (S) 
      _REQ_BLOCK_GEN[2].REQ_BLOCK                                   axi_request_block_AXI_ADDRESS_W32_AXI_DATA_W32_AXI    443       1826         0         1826     area_1Kto2K (S) 
        DW_ALLOC                                                    axi_DW_allocator_AXI_USER_W1_N_TARG_PORT3_FIFO_DEP    171        895         0          895     area_0Kto1K (S) 
          MASTER_ID_FIFO                                            generic_fifo_DATA_WIDTH5_DATA_DEPTH8_3343             116        644         0          644     area_0Kto1K (S) 
            cg_cell                                                 cluster_clock_gating_3238                               3         12         0           12     area_0Kto1K (S) 
          WRITE_DATA_MUX                                            axi_multiplexer_DATA_WIDTH38_N_IN3_3230                39        194         0          194     area_0Kto1K (S) 
        AW_ALLOCATOR                                                axi_AW_allocator_AXI_ADDRESS_W32_AXI_USER_W1_N_TAR    130        447         0          447     area_0Kto1K (S) 
          AW_ARB_TREE                                               axi_ArbitrationTree_AUX_WIDTH64_ID_WIDTH5_N_MASTER    125        434         0          434     area_0Kto1K (S) 
            BINARY_TREE.STAGE[0].INCR_VERT[0].LAST_NODE.FAN_IN_REQ  axi_FanInPrimitive_Req_AUX_WIDTH64_ID_WIDTH5_3192      42        156         0          156     area_0Kto1K (S) 
            BINARY_TREE.STAGE[1].INCR_VERT[0].LEAF_NODES.FAN_IN_REQ axi_FanInPrimitive_Req_AUX_WIDTH64_ID_WIDTH5_1_320     41        154         0          154     area_0Kto1K (S) 
            BINARY_TREE.STAGE[1].INCR_VERT[1].LEAF_NODES.FAN_IN_REQ axi_FanInPrimitive_Req_AUX_WIDTH64_ID_WIDTH5_17        36         90         0           90     area_0Kto1K (S) 
            RR_REQ                                                  axi_RR_Flag_Req_MAX_COUNT3_WIDTH2_3211                  6         33         0           33     area_0Kto1K (S) 
        AR_ALLOCATOR                                                axi_AR_allocator_AXI_ADDRESS_W32_AXI_USER_W1_N_TAR    123        432         0          432     area_0Kto1K (S) 
          AW_ARB_TREE                                               axi_ArbitrationTree_AUX_WIDTH64_ID_WIDTH5_N_MASTER    123        432         0          432     area_0Kto1K (S) 
            BINARY_TREE.STAGE[1].INCR_VERT[0].LEAF_NODES.FAN_IN_REQ axi_FanInPrimitive_Req_AUX_WIDTH64_ID_WIDTH5_1_320     41        155         0          155     area_0Kto1K (S) 
            BINARY_TREE.STAGE[0].INCR_VERT[0].LAST_NODE.FAN_IN_REQ  axi_FanInPrimitive_Req_AUX_WIDTH64_ID_WIDTH5_3193      41        155         0          155     area_0Kto1K (S) 
            BINARY_TREE.STAGE[1].INCR_VERT[1].LEAF_NODES.FAN_IN_REQ axi_FanInPrimitive_Req_AUX_WIDTH64_ID_WIDTH5_17_32     35         89         0           89     area_0Kto1K (S) 
            RR_REQ                                                  axi_RR_Flag_Req_MAX_COUNT3_WIDTH2_3212                  6         33         0           33     area_0Kto1K (S) 
        BW_DECODER                                                  axi_address_decoder_BW_N_TARG_PORT3_AXI_ID_IN2_322     10         27         0           27     area_0Kto1K (S) 
        BR_DECODER                                                  axi_address_decoder_BR_N_TARG_PORT3_AXI_ID_IN2_322      9         25         0           25     area_0Kto1K (S) 
      _REQ_BLOCK_GEN[0].REQ_BLOCK                                   axi_request_block_AXI_ADDRESS_W32_AXI_DATA_W32_AXI    330       1441         0         1441     area_1Kto2K (S) 
        DW_ALLOC                                                    axi_DW_allocator_AXI_USER_W1_N_TARG_PORT3_FIFO_DEP    178        920         0          920     area_0Kto1K (S) 
          MASTER_ID_FIFO                                            generic_fifo_DATA_WIDTH5_DATA_DEPTH8                  116        644         0          644     area_0Kto1K (S) 
            cg_cell                                                 cluster_clock_gating_3241                               3         12         0           12     area_0Kto1K (S) 
          WRITE_DATA_MUX                                            axi_multiplexer_DATA_WIDTH38_N_IN3                     46        220         0          220     area_0Kto1K (S) 
        AW_ALLOCATOR                                                axi_AW_allocator_AXI_ADDRESS_W32_AXI_USER_W1_N_TAR     69        241         0          241     area_0Kto1K (S) 
          AW_ARB_TREE                                               axi_ArbitrationTree_AUX_WIDTH64_ID_WIDTH5_N_MASTER     64        228         0          228     area_0Kto1K (S) 
            BINARY_TREE.STAGE[0].INCR_VERT[0].LAST_NODE.FAN_IN_REQ  axi_FanInPrimitive_Req_AUX_WIDTH64_ID_WIDTH5_3196      22         79         0           79     area_0Kto1K (S) 
            BINARY_TREE.STAGE[1].INCR_VERT[0].LEAF_NODES.FAN_IN_REQ axi_FanInPrimitive_Req_AUX_WIDTH64_ID_WIDTH5_1_319     21         77         0           77     area_0Kto1K (S) 
            BINARY_TREE.STAGE[1].INCR_VERT[1].LEAF_NODES.FAN_IN_REQ axi_FanInPrimitive_Req_AUX_WIDTH64_ID_WIDTH5_17_32     15         39         0           39     area_0Kto1K (S) 
            RR_REQ                                                  axi_RR_Flag_Req_MAX_COUNT3_WIDTH2_3217                  6         33         0           33     area_0Kto1K (S) 
        AR_ALLOCATOR                                                axi_AR_allocator_AXI_ADDRESS_W32_AXI_USER_W1_N_TAR     63        225         0          225     area_0Kto1K (S) 
          AW_ARB_TREE                                               axi_ArbitrationTree_AUX_WIDTH64_ID_WIDTH5_N_MASTER     63        225         0          225     area_0Kto1K (S) 
            BINARY_TREE.STAGE[0].INCR_VERT[0].LAST_NODE.FAN_IN_REQ  axi_FanInPrimitive_Req_AUX_WIDTH64_ID_WIDTH5           21         77         0           77     area_0Kto1K (S) 
            BINARY_TREE.STAGE[1].INCR_VERT[0].LEAF_NODES.FAN_IN_REQ axi_FanInPrimitive_Req_AUX_WIDTH64_ID_WIDTH5_1         21         75         0           75     area_0Kto1K (S) 
            BINARY_TREE.STAGE[1].INCR_VERT[1].LEAF_NODES.FAN_IN_REQ axi_FanInPrimitive_Req_AUX_WIDTH64_ID_WIDTH5_17_32     15         39         0           39     area_0Kto1K (S) 
            RR_REQ                                                  axi_RR_Flag_Req_MAX_COUNT3_WIDTH2                       6         33         0           33     area_0Kto1K (S) 
        BW_DECODER                                                  axi_address_decoder_BW_N_TARG_PORT3_AXI_ID_IN2         10         28         0           28     area_0Kto1K (S) 
        BR_DECODER                                                  axi_address_decoder_BR_N_TARG_PORT3_AXI_ID_IN2         10         28         0           28     area_0Kto1K (S) 
      _REQ_BLOCK_GEN[1].REQ_BLOCK                                   axi_request_block_AXI_ADDRESS_W32_AXI_DATA_W32_AXI    324       1420         0         1420     area_1Kto2K (S) 
        DW_ALLOC                                                    axi_DW_allocator_AXI_USER_W1_N_TARG_PORT3_FIFO_DEP    178        920         0          920     area_0Kto1K (S) 
          MASTER_ID_FIFO                                            generic_fifo_DATA_WIDTH5_DATA_DEPTH8_3344             116        644         0          644     area_0Kto1K (S) 
            cg_cell                                                 cluster_clock_gating_3239                               3         12         0           12     area_0Kto1K (S) 
          WRITE_DATA_MUX                                            axi_multiplexer_DATA_WIDTH38_N_IN3_3231                46        220         0          220     area_0Kto1K (S) 
        AW_ALLOCATOR                                                axi_AW_allocator_AXI_ADDRESS_W32_AXI_USER_W1_N_TAR     66        230         0          230     area_0Kto1K (S) 
          AW_ARB_TREE                                               axi_ArbitrationTree_AUX_WIDTH64_ID_WIDTH5_N_MASTER     61        217         0          217     area_0Kto1K (S) 
            BINARY_TREE.STAGE[0].INCR_VERT[0].LAST_NODE.FAN_IN_REQ  axi_FanInPrimitive_Req_AUX_WIDTH64_ID_WIDTH5_3194      21         75         0           75     area_0Kto1K (S) 
            BINARY_TREE.STAGE[1].INCR_VERT[0].LEAF_NODES.FAN_IN_REQ axi_FanInPrimitive_Req_AUX_WIDTH64_ID_WIDTH5_1_319     20         73         0           73     area_0Kto1K (S) 
            BINARY_TREE.STAGE[1].INCR_VERT[1].LEAF_NODES.FAN_IN_REQ axi_FanInPrimitive_Req_AUX_WIDTH64_ID_WIDTH5_17_32     14         36         0           36     area_0Kto1K (S) 
            RR_REQ                                                  axi_RR_Flag_Req_MAX_COUNT3_WIDTH2_3213                  6         33         0           33     area_0Kto1K (S) 
        AR_ALLOCATOR                                                axi_AR_allocator_AXI_ADDRESS_W32_AXI_USER_W1_N_TAR     60        214         0          214     area_0Kto1K (S) 
          AW_ARB_TREE                                               axi_ArbitrationTree_AUX_WIDTH64_ID_WIDTH5_N_MASTER     60        214         0          214     area_0Kto1K (S) 
            BINARY_TREE.STAGE[0].INCR_VERT[0].LAST_NODE.FAN_IN_REQ  axi_FanInPrimitive_Req_AUX_WIDTH64_ID_WIDTH5_3195      20         73         0           73     area_0Kto1K (S) 
            BINARY_TREE.STAGE[1].INCR_VERT[0].LEAF_NODES.FAN_IN_REQ axi_FanInPrimitive_Req_AUX_WIDTH64_ID_WIDTH5_1_319     20         71         0           71     area_0Kto1K (S) 
            BINARY_TREE.STAGE[1].INCR_VERT[1].LEAF_NODES.FAN_IN_REQ axi_FanInPrimitive_Req_AUX_WIDTH64_ID_WIDTH5_17_32     14         36         0           36     area_0Kto1K (S) 
            RR_REQ                                                  axi_RR_Flag_Req_MAX_COUNT3_WIDTH2_3214                  6         33         0           33     area_0Kto1K (S) 
        BW_DECODER                                                  axi_address_decoder_BW_N_TARG_PORT3_AXI_ID_IN2_322     10         28         0           28     area_0Kto1K (S) 
        BR_DECODER                                                  axi_address_decoder_BR_N_TARG_PORT3_AXI_ID_IN2_322     10         28         0           28     area_0Kto1K (S) 

 (S) = wireload was automatically selected
