============================================================
  Generated by:           Genus(TM) Synthesis Solution 16.12-s027_1
  Generated on:           May 14 2024  12:51:47 pm
  Module:                 pulpino_top
  Technology libraries:   CLOCK65LPLVT 
                          CORE65LPLVT 
                          SPHDL100909 
                          PAD 
  Operating conditions:   typical (balanced_tree)
  Wireload mode:          enclosed
  Area mode:              timing library
============================================================

                                           
        Gate         Instances     Area        Library     
-----------------------------------------------------------
HS65_LLS_XNOR2X3           191     794.560    CORE65LPLVT  
HS65_LLS_XNOR2X6            13      54.080    CORE65LPLVT  
HS65_LLS_XNOR3X2             4      33.280    CORE65LPLVT  
HS65_LLS_XOR2X3            277    1152.320    CORE65LPLVT  
HS65_LLS_XOR2X6             18      74.880    CORE65LPLVT  
HS65_LLS_XOR3X2             51     397.800    CORE65LPLVT  
HS65_LL_AND2X4            1371    3564.600    CORE65LPLVT  
HS65_LL_AND3X4              25      91.000    CORE65LPLVT  
HS65_LL_AND3X9              32     116.480    CORE65LPLVT  
HS65_LL_AND4X3              14      72.800    CORE65LPLVT  
HS65_LL_AND4X6               4      20.800    CORE65LPLVT  
HS65_LL_AO112X4             77     320.320    CORE65LPLVT  
HS65_LL_AO112X9              3      12.480    CORE65LPLVT  
HS65_LL_AO12X4             178     647.920    CORE65LPLVT  
HS65_LL_AO12X9              14      50.960    CORE65LPLVT  
HS65_LL_AO212X4            304    1422.720    CORE65LPLVT  
HS65_LL_AO222X4           2045   11697.400    CORE65LPLVT  
HS65_LL_AO22X18             22     125.840    CORE65LPLVT  
HS65_LL_AO22X4             820    3411.200    CORE65LPLVT  
HS65_LL_AO22X9             139     578.240    CORE65LPLVT  
HS65_LL_AO311X4              3      14.040    CORE65LPLVT  
HS65_LL_AO311X9              1       4.680    CORE65LPLVT  
HS65_LL_AO312X9             15      85.800    CORE65LPLVT  
HS65_LL_AO31X4              21      87.360    CORE65LPLVT  
HS65_LL_AO31X9               1       4.160    CORE65LPLVT  
HS65_LL_AO32X4              89     416.520    CORE65LPLVT  
HS65_LL_AO33X4               5      28.600    CORE65LPLVT  
HS65_LL_AO33X9               3      17.160    CORE65LPLVT  
HS65_LL_AOI12X2              3       7.800    CORE65LPLVT  
HS65_LL_AOI12X4              1       3.120    CORE65LPLVT  
HS65_LL_AOI12X6              3       9.360    CORE65LPLVT  
HS65_LL_AOI211X2           173     629.720    CORE65LPLVT  
HS65_LL_AOI211X3             1       3.640    CORE65LPLVT  
HS65_LL_AOI211X4             1       3.640    CORE65LPLVT  
HS65_LL_AOI212X2           842    3502.720    CORE65LPLVT  
HS65_LL_AOI212X4             3      12.480    CORE65LPLVT  
HS65_LL_AOI21X2            343     891.800    CORE65LPLVT  
HS65_LL_AOI21X6              2       6.240    CORE65LPLVT  
HS65_LL_AOI222X2           177     920.400    CORE65LPLVT  
HS65_LL_AOI22X1            800    2912.000    CORE65LPLVT  
HS65_LL_AOI22X6              8      29.120    CORE65LPLVT  
HS65_LL_AOI311X2            13      54.080    CORE65LPLVT  
HS65_LL_AOI311X4             2       8.320    CORE65LPLVT  
HS65_LL_AOI312X2            34     176.800    CORE65LPLVT  
HS65_LL_AOI31X3             14      50.960    CORE65LPLVT  
HS65_LL_AOI32X3             53     220.480    CORE65LPLVT  
HS65_LL_AOI33X2              7      36.400    CORE65LPLVT  
HS65_LL_AOI33X5             10      52.000    CORE65LPLVT  
HS65_LL_BFX106              30     358.800    CORE65LPLVT  
HS65_LL_BFX2                 1       2.080    CORE65LPLVT  
HS65_LL_BFX9                83     172.640    CORE65LPLVT  
HS65_LL_CB4I1X4             50     208.000    CORE65LPLVT  
HS65_LL_CB4I1X9              1       4.160    CORE65LPLVT  
HS65_LL_CB4I6X4             22      91.520    CORE65LPLVT  
HS65_LL_CB4I6X9              5      20.800    CORE65LPLVT  
HS65_LL_CBI4I1X3            99     360.360    CORE65LPLVT  
HS65_LL_CBI4I1X5             4      14.560    CORE65LPLVT  
HS65_LL_CBI4I6X2           124     451.360    CORE65LPLVT  
HS65_LL_CBI4I6X5             1       3.640    CORE65LPLVT  
HS65_LL_CNIVX3               2       3.120    CLOCK65LPLVT 
HS65_LL_CNIVX7               1       1.560    CLOCK65LPLVT 
HS65_LL_DFPQX9               4      31.200    CORE65LPLVT  
HS65_LL_DFPRQNX9            78     811.200    CORE65LPLVT  
HS65_LL_DFPRQX4             10     104.000    CORE65LPLVT  
HS65_LL_DFPRQX9           2729   28381.600    CORE65LPLVT  
HS65_LL_DFPSQX9            108    1179.360    CORE65LPLVT  
HS65_LL_DLYIC2X9             5      15.600    CLOCK65LPLVT 
HS65_LL_FA1X4             1137   10642.320    CORE65LPLVT  
HS65_LL_HA1X4              519    2698.800    CORE65LPLVT  
HS65_LL_IVX2                73     113.880    CORE65LPLVT  
HS65_LL_IVX27                4      12.480    CORE65LPLVT  
HS65_LL_IVX35                1       3.640    CORE65LPLVT  
HS65_LL_IVX4                 7      10.920    CORE65LPLVT  
HS65_LL_IVX7                27      42.120    CORE65LPLVT  
HS65_LL_IVX9              3956    6171.360    CORE65LPLVT  
HS65_LL_LDLQX9              31     209.560    CORE65LPLVT  
HS65_LL_MUX21I1X3           50     208.000    CORE65LPLVT  
HS65_LL_MUX21I1X6           17      70.720    CORE65LPLVT  
HS65_LL_MUX21X4           1291    5370.560    CORE65LPLVT  
HS65_LL_MUX41X4             12     124.800    CORE65LPLVT  
HS65_LL_MUXI21X2          1481    5390.840    CORE65LPLVT  
HS65_LL_MUXI31X2             2      14.560    CORE65LPLVT  
HS65_LL_MX41X4            1772   13821.600    CORE65LPLVT  
HS65_LL_MX41X7               2      15.600    CORE65LPLVT  
HS65_LL_NAND2AX4           247     770.640    CORE65LPLVT  
HS65_LL_NAND2AX7            28      87.360    CORE65LPLVT  
HS65_LL_NAND2X2           1445    3005.600    CORE65LPLVT  
HS65_LL_NAND2X4            193     401.440    CORE65LPLVT  
HS65_LL_NAND2X5             50     104.000    CORE65LPLVT  
HS65_LL_NAND2X7             65     135.200    CORE65LPLVT  
HS65_LL_NAND3AX3            62     225.680    CORE65LPLVT  
HS65_LL_NAND3AX6             7      25.480    CORE65LPLVT  
HS65_LL_NAND3X2            362     941.200    CORE65LPLVT  
HS65_LL_NAND3X3            100     260.000    CORE65LPLVT  
HS65_LL_NAND3X5              9      23.400    CORE65LPLVT  
HS65_LL_NAND4ABX3          629    2289.560    CORE65LPLVT  
HS65_LL_NOR2AX3            883    2295.800    CORE65LPLVT  
HS65_LL_NOR2X2            1439    2993.120    CORE65LPLVT  
HS65_LL_NOR2X3             147     305.760    CORE65LPLVT  
HS65_LL_NOR2X5              68     141.440    CORE65LPLVT  
HS65_LL_NOR2X6             152     316.160    CORE65LPLVT  
HS65_LL_NOR3AX2            206     642.720    CORE65LPLVT  
HS65_LL_NOR3AX4              3      10.920    CORE65LPLVT  
HS65_LL_NOR3X1             206     535.600    CORE65LPLVT  
HS65_LL_NOR3X2               5      13.000    CORE65LPLVT  
HS65_LL_NOR3X3               3       7.800    CORE65LPLVT  
HS65_LL_NOR3X4              22      57.200    CORE65LPLVT  
HS65_LL_NOR4ABX2           300    1092.000    CORE65LPLVT  
HS65_LL_NOR4ABX4             4      16.640    CORE65LPLVT  
HS65_LL_NOR4X4              27     140.400    CORE65LPLVT  
HS65_LL_OA112X4             26     108.160    CORE65LPLVT  
HS65_LL_OA112X9              4      16.640    CORE65LPLVT  
HS65_LL_OA12X4             103     374.920    CORE65LPLVT  
HS65_LL_OA12X9               5      18.200    CORE65LPLVT  
HS65_LL_OA212X4              9      46.800    CORE65LPLVT  
HS65_LL_OA222X4             12      68.640    CORE65LPLVT  
HS65_LL_OA22X4              28     131.040    CORE65LPLVT  
HS65_LL_OA311X4              2       9.360    CORE65LPLVT  
HS65_LL_OA31X4               8      33.280    CORE65LPLVT  
HS65_LL_OA31X9               2       8.320    CORE65LPLVT  
HS65_LL_OA32X4              13      60.840    CORE65LPLVT  
HS65_LL_OA33X4               2      11.440    CORE65LPLVT  
HS65_LL_OAI112X3            90     327.600    CORE65LPLVT  
HS65_LL_OAI112X4             1       3.640    CORE65LPLVT  
HS65_LL_OAI112X5             1       3.640    CORE65LPLVT  
HS65_LL_OAI12X2            587    1526.200    CORE65LPLVT  
HS65_LL_OAI12X3             18      46.800    CORE65LPLVT  
HS65_LL_OAI13X2             47     171.080    CORE65LPLVT  
HS65_LL_OAI13X5              2       7.280    CORE65LPLVT  
HS65_LL_OAI212X3           281    1168.960    CORE65LPLVT  
HS65_LL_OAI212X5            13      54.080    CORE65LPLVT  
HS65_LL_OAI21X3             18      46.800    CORE65LPLVT  
HS65_LL_OAI222X2            34     176.800    CORE65LPLVT  
HS65_LL_OAI22X1            223     811.720    CORE65LPLVT  
HS65_LL_OAI22X3              5      18.200    CORE65LPLVT  
HS65_LL_OAI22X6              1       3.640    CORE65LPLVT  
HS65_LL_OAI311X2            27     112.320    CORE65LPLVT  
HS65_LL_OAI311X5             1       4.160    CORE65LPLVT  
HS65_LL_OAI31X5              7      25.480    CORE65LPLVT  
HS65_LL_OAI32X2             52     216.320    CORE65LPLVT  
HS65_LL_OAI32X5              6      24.960    CORE65LPLVT  
HS65_LL_OAI33X2              8      41.600    CORE65LPLVT  
HS65_LL_OAI33X3             15      78.000    CORE65LPLVT  
HS65_LL_OR2X4              170     530.400    CORE65LPLVT  
HS65_LL_OR2X9               23      71.760    CORE65LPLVT  
HS65_LL_OR3X4               69     251.160    CORE65LPLVT  
HS65_LL_OR3X9                2       7.280    CORE65LPLVT  
HS65_LL_OR4X4               20     104.000    CORE65LPLVT  
HS65_LL_PAO2X4              13      60.840    CORE65LPLVT  
HS65_LL_PAO2X9               2       9.360    CORE65LPLVT  
HS65_LL_PAOI2X1            331    1204.840    CORE65LPLVT  
HS65_LL_SDFPRQNX9            5      62.400    CORE65LPLVT  
HS65_LL_SDFPRQX4           127    1584.960    CORE65LPLVT  
HS65_LL_SDFPRQX9          5307   66231.360    CORE65LPLVT  
HS65_LL_SDFPSQTX9            2      26.000    CORE65LPLVT  
HS65_LL_SDFPSQX9            80    1040.000    CORE65LPLVT  
ST_SPHDL_2048x8m8_L         32  562067.187    SPHDL100909  
-----------------------------------------------------------
total                    36465  767812.987                 


   Library   Instances    Area    Instances % 
----------------------------------------------
CLOCK65LPLVT         8     20.280         0.0 
CORE65LPLVT      36425 205725.520        99.9 
SPHDL100909         32 562067.187         0.1 

                                           
     Type      Instances    Area    Area % 
-------------------------------------------
timing_model          32 562067.187   73.2 
sequential          8481  99661.640   13.0 
inverter            4071   6359.080    0.8 
buffer               119    549.120    0.1 
logic              23762  99175.960   12.9 
physical_cells         0      0.000    0.0 
-------------------------------------------
total              36465 767812.987  100.0 

