============================================================
  Generated by:           Genus(TM) Synthesis Solution 16.12-s027_1
  Generated on:           May 14 2024  12:51:46 pm
  Module:                 pulpino_top
  Technology libraries:   CLOCK65LPLVT 
                          CORE65LPLVT 
                          SPHDL100909 
                          PAD 
  Operating conditions:   typical (balanced_tree)
  Wireload mode:          enclosed
  Area mode:              timing library
============================================================

Timing
--------

  Clock    Period 
------------------
clk       40000.0 
spi_clk_i 76924.0 
tck_i     76924.0 


   Cost     Critical       Violating 
  Group    Path Slack TNS    Paths   
-------------------------------------
default      No paths   0            
-------------------------------------
Total                   0          0 

Instance Count
--------------
Leaf Instance Count             36465 
Sequential Instance Count        8513 
Combinational Instance Count    27952 
Hierarchical Instance Count       354 

Area
----
Cell Area                          767812.987
Physical Cell Area                 0.000
Total Cell Area (Cell+Physical)    767812.987
Net Area                           0.000
Total Area (Cell+Physical+Net)     767812.987

Max Fanout                         2130 (core_region_i/CORE.RISCV_CORE/core_clock_gate_i/clk_o)
Min Fanout                         0 (boot_addr_int[0])
Average Fanout                     2.6
Terms to net ratio                 3.5778
Terms to instance ratio            4.5800
Runtime                            301.463974447 seconds
Elapsed Runtime                    355 seconds
Genus peak memory usage            1016.27 
Innovus peak memory usage          no_value 
Hostname                           salaman.fransg.eit.lth.se
