============================================================
  Generated by:           Genus(TM) Synthesis Solution 16.12-s027_1
  Generated on:           May 14 2024  12:51:47 pm
  Module:                 pulpino_top
  Technology libraries:   CLOCK65LPLVT 
                          CORE65LPLVT 
                          SPHDL100909 
                          PAD 
  Operating conditions:   typical (balanced_tree)
  Wireload mode:          enclosed
  Area mode:              timing library
============================================================

               Pin                         Type          Fanout Load Slew Delay Arrival   
                                                                (fF) (ps)  (ps)   (ps)    
------------------------------------------------------------------------------------------
core_region_i
  CORE.RISCV_CORE
    id_stage_i
      alu_operator_ex_o_reg[4]/CP                                       0             0 R 
      alu_operator_ex_o_reg[4]/Q      HS65_LL_DFPRQX9        11 28.2   80  +110     110 R 
    id_stage_i/alu_operator_ex_o[4] 
    ex_stage_i/alu_operator_i[4] 
      alu_i/operator_i[4] 
        g12927/B                                                             +0     110   
        g12927/Z                      HS65_LL_NAND2AX4        4 10.3   76   +74     183 F 
        g12924/B                                                             +0     183   
        g12924/Z                      HS65_LL_NOR2AX3         2  3.9   59   +58     242 R 
        g48372/A                                                             +0     242   
        g48372/Z                      HS65_LL_NOR2AX3        18 43.4  406  +259     501 R 
        drc_buf_sp48251/A                                                    +0     501   
        drc_buf_sp48251/Z             HS65_LL_BFX9           17 41.3  114  +186     687 R 
        g12880/D1                                                            +0     687   
        g12880/Z                      HS65_LL_MUXI21X2        1  4.8   54   +68     755 F 
        add_168_54/B[1] 
          g899/B0                                                            +0     755   
          g899/CO                     HS65_LL_FA1X4           1  3.7   33  +103     858 F 
          g898/CI                                                            +0     858   
          g898/CO                     HS65_LL_FA1X4           1  3.7   34   +85     942 F 
          g897/CI                                                            +0     942   
          g897/CO                     HS65_LL_FA1X4           1  3.7   34   +85    1027 F 
          g896/CI                                                            +0    1027   
          g896/CO                     HS65_LL_FA1X4           1  3.7   33   +85    1112 F 
          g895/CI                                                            +0    1112   
          g895/CO                     HS65_LL_FA1X4           1  3.7   34   +84    1196 F 
          g894/CI                                                            +0    1196   
          g894/CO                     HS65_LL_FA1X4           1  3.7   33   +85    1281 F 
          g893/CI                                                            +0    1281   
          g893/CO                     HS65_LL_FA1X4           2  6.1   42   +92    1373 F 
          g891/P                                                             +0    1373   
          g891/Z                      HS65_LL_PAOI2X1         1  2.0   66   +51    1424 R 
          g890/B                                                             +0    1424   
          g890/Z                      HS65_LL_OAI12X2         1  3.7   64   +58    1482 F 
          g889/CI                                                            +0    1482   
          g889/CO                     HS65_LL_FA1X4           1  3.7   34   +99    1581 F 
          g888/CI                                                            +0    1581   
          g888/CO                     HS65_LL_FA1X4           1  3.7   33   +85    1666 F 
          g887/CI                                                            +0    1666   
          g887/CO                     HS65_LL_FA1X4           1  3.7   34   +84    1750 F 
          g886/CI                                                            +0    1750   
          g886/CO                     HS65_LL_FA1X4           1  3.7   33   +85    1835 F 
          g885/CI                                                            +0    1835   
          g885/CO                     HS65_LL_FA1X4           1  3.7   34   +84    1919 F 
          g884/CI                                                            +0    1919   
          g884/CO                     HS65_LL_FA1X4           1  3.7   34   +85    2004 F 
          g883/CI                                                            +0    2004   
          g883/CO                     HS65_LL_FA1X4           1  3.7   34   +85    2088 F 
          g882/CI                                                            +0    2088   
          g882/CO                     HS65_LL_FA1X4           1  1.8   26   +78    2167 F 
          g881/P                                                             +0    2167   
          g881/Z                      HS65_LL_PAO2X4          1  3.7   29   +67    2234 F 
          g880/CI                                                            +0    2234   
          g880/CO                     HS65_LL_FA1X4           1  3.7   33   +83    2316 F 
          g879/CI                                                            +0    2316   
          g879/CO                     HS65_LL_FA1X4           1  3.7   33   +84    2400 F 
          g878/CI                                                            +0    2400   
          g878/CO                     HS65_LL_FA1X4           1  3.7   34   +84    2485 F 
          g877/CI                                                            +0    2485   
          g877/CO                     HS65_LL_FA1X4           1  3.7   33   +85    2569 F 
          g876/CI                                                            +0    2569   
          g876/CO                     HS65_LL_FA1X4           1  3.7   34   +84    2654 F 
          g875/CI                                                            +0    2654   
          g875/CO                     HS65_LL_FA1X4           1  3.7   33   +85    2738 F 
          g874/CI                                                            +0    2738   
          g874/CO                     HS65_LL_FA1X4           2  6.1   42   +92    2831 F 
          g872/P                                                             +0    2831   
          g872/Z                      HS65_LL_PAOI2X1         1  2.0   66   +51    2882 R 
          g871/B                                                             +0    2882   
          g871/Z                      HS65_LL_OAI12X2         1  3.7   64   +58    2940 F 
          g870/CI                                                            +0    2940   
          g870/CO                     HS65_LL_FA1X4           1  3.7   34   +99    3039 F 
          g869/CI                                                            +0    3039   
          g869/CO                     HS65_LL_FA1X4           1  3.7   34   +85    3123 F 
          g868/CI                                                            +0    3123   
          g868/CO                     HS65_LL_FA1X4           1  3.7   34   +85    3208 F 
          g867/CI                                                            +0    3208   
          g867/CO                     HS65_LL_FA1X4           1  3.7   33   +85    3293 F 
          g866/CI                                                            +0    3293   
          g866/CO                     HS65_LL_FA1X4           1  3.7   34   +84    3377 F 
          g865/CI                                                            +0    3377   
          g865/CO                     HS65_LL_FA1X4           2  6.1   41   +93    3470 F 
          g863/P                                                             +0    3470   
          g863/Z                      HS65_LL_PAOI2X1         1  3.7  100   +68    3538 R 
          g862/CI                                                            +0    3538   
          g862/S0                     HS65_LL_FA1X4           1  3.3   30  +158    3695 R 
          g861/A                                                             +0    3695   
          g861/Z                      HS65_LL_IVX9            2  5.5   17   +18    3713 F 
        add_168_54/Z[35] 
        add_182_44/A[31] 
          g743/A                                                             +0    3713   
          g743/Z                      HS65_LLS_XOR2X3         1  2.3   29   +56    3769 F 
        add_182_44/Z[31] 
        g11700/B                                                             +0    3769   
        g11700/Z                      HS65_LL_AO222X4         9 21.4   92  +166    3935 F 
        g11697/B                                                             +0    3935   
        g11697/Z                      HS65_LL_NAND2X7        17 34.9  108   +98    4033 R 
        g11696/A                                                             +0    4033   
        g11696/Z                      HS65_LL_IVX9           12 24.0   64   +71    4104 F 
        drc_buf_sp48343/A                                                    +0    4104   
        drc_buf_sp48343/Z             HS65_LL_BFX9           11 21.9   45   +76    4179 F 
        g11685/C                                                             +0    4179   
        g11685/Z                      HS65_LL_AO12X4          2  4.6   29   +75    4254 F 
        srl_283_46/A[48] 
          g2787/D1                                                           +0    4254   
          g2787/Z                     HS65_LL_MUXI21X2        2  4.4   83   +52    4306 R 
          g2771/D0                                                           +0    4306   
          g2771/Z                     HS65_LL_MUXI21X2        2  5.4   62   +61    4367 F 
          g2663/E                                                            +0    4367   
          g2663/Z                     HS65_LL_AOI222X2        2  5.6  127   +95    4462 R 
          g2659/A                                                            +0    4462   
          g2659/Z                     HS65_LL_IVX9            1  1.9   28   +32    4494 F 
          g2647/A                                                            +0    4494   
          g2647/Z                     HS65_LL_AOI22X1         1  2.4   73   +63    4557 R 
          g2625/E                                                            +0    4557   
          g2625/Z                     HS65_LL_OAI212X3        1  1.9   54   +56    4613 F 
        srl_283_46/Z[27] 
        g47366/S3                                                            +0    4613   
        g47366/Z                      HS65_LL_MX41X4          1  2.2   32   +84    4698 F 
        g47354/F                                                             +0    4698   
        g47354/Z                      HS65_LL_AO312X9         3  6.2   31   +98    4796 F 
        g47289/D1                                                            +0    4796   
        g47289/Z                      HS65_LL_MUX21X4         3  6.3   39   +80    4876 F 
        g47173/A                                                             +0    4876   
        g47173/Z                      HS65_LL_AOI22X1         1  2.5   78   +69    4945 R 
        g47025/E                                                             +0    4945   
        g47025/Z                      HS65_LL_OAI212X3        1  2.2   52   +60    5004 F 
        g47010/A                                                             +0    5004   
        g47010/Z                      HS65_LL_NOR3X1          1  2.5   68   +59    5064 R 
        g47006/D                                                             +0    5064   
        g47006/Z                      HS65_LL_AOI31X3         1  2.1   49   +30    5093 F 
        g47005/B                                                             +0    5093   
        g47005/Z                      HS65_LL_OAI12X2         1  2.2   64   +56    5150 R 
        g47002/C                                                             +0    5150   
        g47002/Z                      HS65_LL_AOI21X2         1  2.1   39   +34    5184 F 
        g46995/B                                                             +0    5184   
        g46995/Z                      HS65_LL_AND2X4         17 39.7  140  +122    5305 F 
        drc_bufs48030/A                                                      +0    5305   
        drc_bufs48030/Z               HS65_LL_IVX9            1  3.4   37   +50    5355 R 
        drc_bufs48029/A                                                      +0    5355   
        drc_bufs48029/Z               HS65_LL_IVX9           16 36.3   71   +56    5411 F 
        g46973/E                                                             +0    5411   
        g46973/Z                      HS65_LL_AOI212X2        1  1.9   80   +73    5484 R 
        g46918/B                                                             +0    5484   
        g46918/Z                      HS65_LL_OA112X4         1  2.5   29   +81    5565 R 
        g46887/E                                                             +0    5565   
        g46887/Z                      HS65_LL_OAI212X3        1  2.3   57   +43    5608 F 
        g46865/E                                                             +0    5608   
        g46865/Z                      HS65_LL_AOI212X2        1  2.2   74   +70    5678 R 
        g46849/C                                                             +0    5678   
        g46849/Z                      HS65_LL_OAI12X2         1  2.0   48   +54    5732 F 
        g46807/B                                                             +0    5732   
        g46807/Z                      HS65_LL_NAND4ABX3       1  2.3   49   +77    5810 F 
        g46763/E                                                             +0    5810   
        g46763/Z                      HS65_LL_AOI212X2        1  2.0   66   +66    5875 R 
        g46719/C                                                             +0    5875   
        g46719/Z                      HS65_LL_NAND3X2         1  2.0   80   +54    5929 F 
      alu_i/result_o[11] 
      g1590/D                                                                +0    5929   
      g1590/Z                         HS65_LL_AO222X4         4  9.2   53  +149    6078 F 
    ex_stage_i/regfile_alu_wdata_fw_o[11] 
    id_stage_i/regfile_alu_wdata_fw_i[11] 
      g28499/A                                                               +0    6078   
      g28499/Z                        HS65_LL_AO222X4         3  6.8   46  +143    6221 F 
      g28401/D0                                                              +0    6221   
      g28401/Z                        HS65_LL_MUX21X4         1  2.4   25   +74    6295 F 
      g28245/D                                                               +0    6295   
      g28245/Z                        HS65_LL_AOI32X3         1  1.9   48   +37    6332 R 
      g28210/B                                                               +0    6332   
      g28210/Z                        HS65_LL_OAI22X1         2  5.4   86   +66    6398 F 
      g27977/A                                                               +0    6398   
      g27977/Z                        HS65_LL_AOI22X1         1  2.5   80   +89    6487 R 
      g27961/E                                                               +0    6487   
      g27961/Z                        HS65_LL_OAI212X3        1  2.3   60   +61    6548 F 
      g27938/E                                                               +0    6548   
      g27938/Z                        HS65_LL_AOI212X2        1  2.0   74   +70    6618 R 
      g27908/C                                                               +0    6618   
      g27908/Z                        HS65_LL_NAND3X2         3  7.2  136  +104    6721 F 
      alu_operand_b_ex_o_reg[27]/TI   HS65_LL_SDFPRQX9                       +0    6721   
      alu_operand_b_ex_o_reg[27]/CP   setup                             0  +206    6928 R 
------------------------------------------------------------------------------------------
Timing slack :  UNCONSTRAINED
Start-point  : core_region_i/CORE.RISCV_CORE/id_stage_i/alu_operator_ex_o_reg[4]/CP
End-point    : core_region_i/CORE.RISCV_CORE/id_stage_i/alu_operand_b_ex_o_reg[27]/TI
